Started analysis of 23_S4.R1.fastq
Approx 5% complete for 23_S4.R1.fastq
Approx 10% complete for 23_S4.R1.fastq
Approx 15% complete for 23_S4.R1.fastq
Approx 20% complete for 23_S4.R1.fastq
Approx 25% complete for 23_S4.R1.fastq
Approx 30% complete for 23_S4.R1.fastq
Approx 35% complete for 23_S4.R1.fastq
Approx 40% complete for 23_S4.R1.fastq
Approx 45% complete for 23_S4.R1.fastq
Approx 50% complete for 23_S4.R1.fastq
Approx 55% complete for 23_S4.R1.fastq
Approx 60% complete for 23_S4.R1.fastq
Approx 65% complete for 23_S4.R1.fastq
Approx 70% complete for 23_S4.R1.fastq
Approx 75% complete for 23_S4.R1.fastq
Approx 80% complete for 23_S4.R1.fastq
Approx 85% complete for 23_S4.R1.fastq
Approx 90% complete for 23_S4.R1.fastq
Approx 95% complete for 23_S4.R1.fastq
Analysis complete for 23_S4.R1.fastq

------------------------------------------------------------
Sender: LSF System <lsfadmin@clarinet002-163.orchestra>
Subject: Job 4907357: <fastqc -o ./qc_out/run2/ ./run2/23_S4.R1.fastq> Done

Job <fastqc -o ./qc_out/run2/ ./run2/23_S4.R1.fastq> was submitted from host <mezzanine.orchestra> by user <cc400> in cluster <hms_orchestra>.
Job was executed on host(s) <clarinet002-163.orchestra>, in queue <short>, as user <cc400> in cluster <hms_orchestra>.
</home/cc400> was used as the home directory.
</n/scratch2/cc400> was used as the working directory.
Started at Tue Jun 28 11:16:20 2016
Results reported at Tue Jun 28 11:20:14 2016

Your job looked like:

------------------------------------------------------------
# LSBATCH: User input
fastqc -o ./qc_out/run2/ ./run2/23_S4.R1.fastq
------------------------------------------------------------

Successfully completed.

Resource usage summary:

    CPU time   :    222.72 sec.
    Max Memory :       201 MB
    Max Swap   :      2792 MB

    Max Processes  :         3
    Max Threads    :        19

The output (if any) is above this job summary.

