Failed to process ./run1/10_S10.R1_fastqc.zip
uk.ac.babraham.FastQC.Sequence.SequenceFormatException: ID line didn't start with '@'
	at uk.ac.babraham.FastQC.Sequence.FastQFile.readNext(FastQFile.java:158)
	at uk.ac.babraham.FastQC.Sequence.FastQFile.<init>(FastQFile.java:89)
	at uk.ac.babraham.FastQC.Sequence.SequenceFactory.getSequenceFile(SequenceFactory.java:106)
	at uk.ac.babraham.FastQC.Sequence.SequenceFactory.getSequenceFile(SequenceFactory.java:62)
	at uk.ac.babraham.FastQC.Analysis.OfflineRunner.processFile(OfflineRunner.java:129)
	at uk.ac.babraham.FastQC.Analysis.OfflineRunner.<init>(OfflineRunner.java:102)
	at uk.ac.babraham.FastQC.FastQCApplication.main(FastQCApplication.java:316)

------------------------------------------------------------
Sender: LSF System <lsfadmin@clarinet001-160.orchestra>
Subject: Job 4907399: <fastqc -o ./qc_out/run1/ ./run1/10_S10.R1_fastqc.zip> Done

Job <fastqc -o ./qc_out/run1/ ./run1/10_S10.R1_fastqc.zip> was submitted from host <mezzanine.orchestra> by user <cc400> in cluster <hms_orchestra>.
Job was executed on host(s) <clarinet001-160.orchestra>, in queue <short>, as user <cc400> in cluster <hms_orchestra>.
</home/cc400> was used as the home directory.
</n/scratch2/cc400> was used as the working directory.
Started at Tue Jun 28 11:17:57 2016
Results reported at Tue Jun 28 11:17:58 2016

Your job looked like:

------------------------------------------------------------
# LSBATCH: User input
fastqc -o ./qc_out/run1/ ./run1/10_S10.R1_fastqc.zip
------------------------------------------------------------

Successfully completed.

Resource usage summary:

    CPU time   :      0.41 sec.

The output (if any) is above this job summary.

